C51 COMPILER V9.00   51_DHT21                                                              01/21/2014 11:59:49 PAGE 1   


C51 COMPILER V9.00, COMPILATION OF MODULE 51_DHT21
OBJECT MODULE PLACED IN 51_DHT21.OBJ
COMPILER INVOKED BY: D:\Keil C51 V9.00(推荐使用最新)\install\C51\BIN\C51.EXE 51_DHT21.c BROWSE DEBUG OBJECTEXTEND

line level    source

   1                  void main(void)
   2                  {
   3   1               unsigned char i=10;
   4   1      
   5   1               while(1)
   6   1               {
   7   2      
   8   2               while(i--);
   9   2               }
  10   1              }


MODULE INFORMATION:   STATIC OVERLAYABLE
   CODE SIZE        =      8    ----
   CONSTANT SIZE    =   ----    ----
   XDATA SIZE       =   ----    ----
   PDATA SIZE       =   ----    ----
   DATA SIZE        =   ----    ----
   IDATA SIZE       =   ----    ----
   BIT SIZE         =   ----    ----
END OF MODULE INFORMATION.


C51 COMPILATION COMPLETE.  0 WARNING(S),  0 ERROR(S)
